#
# There is insufficient memory for the Java Runtime Environment to continue.
# Native memory allocation (mmap) failed to map 4128768 bytes for G1 virtual space
# Possible reasons:
#   The system is out of physical RAM or swap space
#   The process is running with CompressedOops enabled, and the Java Heap may be blocking the growth of the native heap
# Possible solutions:
#   Reduce memory load on the system
#   Increase physical memory or swap space
#   Check if swap backing store is full
#   Decrease Java heap size (-Xmx/-Xms)
#   Decrease number of Java threads
#   Decrease Java thread stack sizes (-Xss)
#   Set larger code cache with -XX:ReservedCodeCacheSize=
#   JVM is running with Zero Based Compressed Oops mode in which the Java heap is
#     placed in the first 32GB address space. The Java Heap base address is the
#     maximum limit for the native heap growth. Please use -XX:HeapBaseMinAddress
#     to set the Java Heap base and to place the Java Heap above 32GB virtual address.
# This output file may be truncated or incomplete.
#
#  Out of Memory Error (os_windows.cpp:3541), pid=40504, tid=33124
#
# JRE version:  (17.0.4+8) (build )
# Java VM: OpenJDK 64-Bit Server VM (17.0.4+8, mixed mode, sharing, tiered, compressed oops, compressed class ptrs, g1 gc, windows-amd64)
# No core dump will be written. Minidumps are not enabled by default on client versions of Windows
#

---------------  S U M M A R Y ------------

Command Line: C:\Users\AAYUSH~1.BAN\AppData\Local\Temp\surefire16536743246965172221\surefirebooter2336122738435238469.jar C:\Users\aayushi.bansal\AppData\Local\Temp\surefire16536743246965172221 2023-09-14T17-15-13_590-jvmRun1 surefire17782994685261319040tmp surefire_09102455312968971680tmp

Host: 11th Gen Intel(R) Core(TM) i5-1145G7 @ 2.60GHz, 8 cores, 15G,  Windows 10 , 64 bit Build 19041 (10.0.19041.3155)
Time: Thu Sep 14 17:15:18 2023 India Standard Time elapsed time: 0.062441 seconds (0d 0h 0m 0s)

---------------  T H R E A D  ---------------

Current thread (0x0000020152652540):  JavaThread "Unknown thread" [_thread_in_vm, id=33124, stack(0x0000005367100000,0x0000005367200000)]

Stack: [0x0000005367100000,0x0000005367200000]
Native frames: (J=compiled Java code, j=interpreted, Vv=VM code, C=native code)
V  [jvm.dll+0x67733a]
V  [jvm.dll+0x8323c4]
V  [jvm.dll+0x833b6e]
V  [jvm.dll+0x8341d3]
V  [jvm.dll+0x2455e5]
V  [jvm.dll+0x674229]
V  [jvm.dll+0x668ab2]
V  [jvm.dll+0x30458b]
V  [jvm.dll+0x30bad6]
V  [jvm.dll+0x35ba93]
V  [jvm.dll+0x35bcaf]
V  [jvm.dll+0x2db428]
V  [jvm.dll+0x2dc394]
V  [jvm.dll+0x803ef1]
V  [jvm.dll+0x3698d1]
V  [jvm.dll+0x7e320c]
V  [jvm.dll+0x3ec23f]
V  [jvm.dll+0x3eddc1]
C  [jli.dll+0x5277]
C  [ucrtbase.dll+0x21bb2]
C  [KERNEL32.DLL+0x17614]
C  [ntdll.dll+0x526b1]


---------------  P R O C E S S  ---------------

Threads class SMR info:
_java_thread_list=0x00007ffaf6fd4e98, length=0, elements={
}

Java Threads: ( => current thread )

Other Threads:
  0x00000201526be460 GCTaskThread "GC Thread#0" [stack: 0x0000005367200000,0x0000005367300000] [id=35044]
  0x00000201526cfe90 ConcurrentGCThread "G1 Main Marker" [stack: 0x0000005367300000,0x0000005367400000] [id=6972]
  0x00000201526d07b0 ConcurrentGCThread "G1 Conc#0" [stack: 0x0000005367400000,0x0000005367500000] [id=9392]

[error occurred during error reporting (printing all threads), id 0xc0000005, EXCEPTION_ACCESS_VIOLATION (0xc0000005) at pc=0x00007ffaf67abeb7]

VM state: not at safepoint (not fully initialized)

VM Mutex/Monitor currently owned by a thread:  ([mutex/lock_event])
[0x000002015264d880] Heap_lock - owner thread: 0x0000020152652540

Heap address: 0x0000000704200000, size: 4030 MB, Compressed Oops mode: Zero based, Oop shift amount: 3

CDS archive(s) mapped at: [0x0000000000000000-0x0000000000000000-0x0000000000000000), size 0, SharedBaseAddress: 0x0000000800000000, ArchiveRelocationMode: 0.
Narrow klass base: 0x0000000000000000, Narrow klass shift: 0, Narrow klass range: 0x0

GC Precious Log:
<Empty>

Heap:
 garbage-first heap   total 0K, used 0K [0x0000000704200000, 0x0000000800000000)
  region size 2048K, 0 young (0K), 0 survivors (0K)

[error occurred during error reporting (printing heap information), id 0xc0000005, EXCEPTION_ACCESS_VIOLATION (0xc0000005) at pc=0x00007ffaf6b906b9]

GC Heap History (0 events):
No events

Deoptimization events (0 events):
No events

Classes unloaded (0 events):
No events

Classes redefined (0 events):
No events

Internal exceptions (0 events):
No events

VM Operations (0 events):
No events

Events (1 events):
Event: 0.055 Loaded shared library C:\Users\aayushi.bansal\.p2\pool\plugins\org.eclipse.justj.openjdk.hotspot.jre.full.win32.x86_64_17.0.4.v20220805-1047\jre\bin\java.dll


Dynamic libraries:
0x00007ff608190000 - 0x00007ff60819e000 	C:\Users\aayushi.bansal\.p2\pool\plugins\org.eclipse.justj.openjdk.hotspot.jre.full.win32.x86_64_17.0.4.v20220805-1047\jre\bin\java.exe
0x00007ffb41f70000 - 0x00007ffb42168000 	C:\Windows\SYSTEM32\ntdll.dll
0x00007ffb40760000 - 0x00007ffb4081f000 	C:\Windows\System32\KERNEL32.DLL
0x00007ffb3fcd0000 - 0x00007ffb3ffc6000 	C:\Windows\System32\KERNELBASE.dll
0x00007ffb3f650000 - 0x00007ffb3f750000 	C:\Windows\System32\ucrtbase.dll
0x00007ffb19d10000 - 0x00007ffb19d28000 	C:\Users\aayushi.bansal\.p2\pool\plugins\org.eclipse.justj.openjdk.hotspot.jre.full.win32.x86_64_17.0.4.v20220805-1047\jre\bin\jli.dll
0x00007ffb10e70000 - 0x00007ffb10e89000 	C:\Users\aayushi.bansal\.p2\pool\plugins\org.eclipse.justj.openjdk.hotspot.jre.full.win32.x86_64_17.0.4.v20220805-1047\jre\bin\VCRUNTIME140.dll
0x00007ffb41cd0000 - 0x00007ffb41e6d000 	C:\Windows\System32\USER32.dll
0x00007ffb24370000 - 0x00007ffb2460a000 	C:\Windows\WinSxS\amd64_microsoft.windows.common-controls_6595b64144ccf1df_6.0.19041.1110_none_60b5254171f9507e\COMCTL32.dll
0x00007ffb41060000 - 0x00007ffb410fe000 	C:\Windows\System32\msvcrt.dll
0x00007ffb41460000 - 0x00007ffb4148c000 	C:\Windows\System32\GDI32.dll
0x00007ffb3fb90000 - 0x00007ffb3fbb2000 	C:\Windows\System32\win32u.dll
0x00007ffb3fa70000 - 0x00007ffb3fb85000 	C:\Windows\System32\gdi32full.dll
0x00007ffb3fbc0000 - 0x00007ffb3fc5d000 	C:\Windows\System32\msvcp_win.dll
0x00007ffb40720000 - 0x00007ffb40750000 	C:\Windows\System32\IMM32.DLL
0x0000000069520000 - 0x0000000069592000 	C:\Windows\System32\QIPCAP64.dll
0x00007ffb3ffd0000 - 0x00007ffb40714000 	C:\Windows\System32\SHELL32.dll
0x00007ffb40fb0000 - 0x00007ffb4105f000 	C:\Windows\System32\ADVAPI32.dll
0x00007ffb40b80000 - 0x00007ffb40c1c000 	C:\Windows\System32\sechost.dll
0x00007ffb41490000 - 0x00007ffb415b6000 	C:\Windows\System32\RPCRT4.dll
0x00007ffb3ea10000 - 0x00007ffb3eada000 	C:\Windows\SYSTEM32\DNSAPI.dll
0x00007ffb3e9d0000 - 0x00007ffb3ea0b000 	C:\Windows\SYSTEM32\IPHLPAPI.DLL
0x00007ffb41e70000 - 0x00007ffb41e78000 	C:\Windows\System32\NSI.dll
0x00007ffb23360000 - 0x00007ffb2336c000 	C:\Users\aayushi.bansal\.p2\pool\plugins\org.eclipse.justj.openjdk.hotspot.jre.full.win32.x86_64_17.0.4.v20220805-1047\jre\bin\vcruntime140_1.dll
0x00007ffb02740000 - 0x00007ffb027d1000 	C:\Users\aayushi.bansal\.p2\pool\plugins\org.eclipse.justj.openjdk.hotspot.jre.full.win32.x86_64_17.0.4.v20220805-1047\jre\bin\msvcp140.dll
0x00007ffaf64c0000 - 0x00007ffaf7106000 	C:\Users\aayushi.bansal\.p2\pool\plugins\org.eclipse.justj.openjdk.hotspot.jre.full.win32.x86_64_17.0.4.v20220805-1047\jre\bin\server\jvm.dll
0x00007ffb40750000 - 0x00007ffb40758000 	C:\Windows\System32\PSAPI.DLL
0x00007ffb171c0000 - 0x00007ffb171c9000 	C:\Windows\SYSTEM32\WSOCK32.dll
0x00007ffb415e0000 - 0x00007ffb4164b000 	C:\Windows\System32\WS2_32.dll
0x00007ffb32bb0000 - 0x00007ffb32bd7000 	C:\Windows\SYSTEM32\WINMM.dll
0x00007ffb37830000 - 0x00007ffb3783a000 	C:\Windows\SYSTEM32\VERSION.dll
0x00007ffb3dc40000 - 0x00007ffb3dc52000 	C:\Windows\SYSTEM32\kernel.appcore.dll
0x00007ffb28700000 - 0x00007ffb2870a000 	C:\Users\aayushi.bansal\.p2\pool\plugins\org.eclipse.justj.openjdk.hotspot.jre.full.win32.x86_64_17.0.4.v20220805-1047\jre\bin\jimage.dll
0x00007ffb3cf30000 - 0x00007ffb3d114000 	C:\Windows\SYSTEM32\DBGHELP.DLL
0x00007ffb25380000 - 0x00007ffb253b4000 	C:\Windows\SYSTEM32\dbgcore.DLL
0x00007ffb3f850000 - 0x00007ffb3f8d2000 	C:\Windows\System32\bcryptPrimitives.dll
0x00007ffb0b1e0000 - 0x00007ffb0b205000 	C:\Users\aayushi.bansal\.p2\pool\plugins\org.eclipse.justj.openjdk.hotspot.jre.full.win32.x86_64_17.0.4.v20220805-1047\jre\bin\java.dll

dbghelp: loaded successfully - version: 4.0.5 - missing functions: none
symbol engine: initialized successfully - sym options: 0x614 - pdb path: .;C:\Users\aayushi.bansal\.p2\pool\plugins\org.eclipse.justj.openjdk.hotspot.jre.full.win32.x86_64_17.0.4.v20220805-1047\jre\bin;C:\Windows\SYSTEM32;C:\Windows\WinSxS\amd64_microsoft.windows.common-controls_6595b64144ccf1df_6.0.19041.1110_none_60b5254171f9507e;C:\Users\aayushi.bansal\.p2\pool\plugins\org.eclipse.justj.openjdk.hotspot.jre.full.win32.x86_64_17.0.4.v20220805-1047\jre\bin\server

VM Arguments:
java_command: C:\Users\AAYUSH~1.BAN\AppData\Local\Temp\surefire16536743246965172221\surefirebooter2336122738435238469.jar C:\Users\aayushi.bansal\AppData\Local\Temp\surefire16536743246965172221 2023-09-14T17-15-13_590-jvmRun1 surefire17782994685261319040tmp surefire_09102455312968971680tmp
java_class_path (initial): C:\Users\AAYUSH~1.BAN\AppData\Local\Temp\surefire16536743246965172221\surefirebooter2336122738435238469.jar
Launcher Type: SUN_STANDARD

[Global flags]
     intx CICompilerCount                          = 4                                         {product} {ergonomic}
     uint ConcGCThreads                            = 2                                         {product} {ergonomic}
     uint G1ConcRefinementThreads                  = 8                                         {product} {ergonomic}
   size_t G1HeapRegionSize                         = 2097152                                   {product} {ergonomic}
    uintx GCDrainStackTargetSize                   = 64                                        {product} {ergonomic}
   size_t InitialHeapSize                          = 264241152                                 {product} {ergonomic}
   size_t MarkStackSize                            = 4194304                                   {product} {ergonomic}
   size_t MaxHeapSize                              = 4225761280                                {product} {ergonomic}
   size_t MinHeapDeltaBytes                        = 2097152                                   {product} {ergonomic}
   size_t MinHeapSize                              = 8388608                                   {product} {ergonomic}
    uintx NonNMethodCodeHeapSize                   = 5839372                                {pd product} {ergonomic}
    uintx NonProfiledCodeHeapSize                  = 122909434                              {pd product} {ergonomic}
    uintx ProfiledCodeHeapSize                     = 122909434                              {pd product} {ergonomic}
    uintx ReservedCodeCacheSize                    = 251658240                              {pd product} {ergonomic}
     bool SegmentedCodeCache                       = true                                      {product} {ergonomic}
   size_t SoftMaxHeapSize                          = 4225761280                             {manageable} {ergonomic}
     bool UseCompressedClassPointers               = true                           {product lp64_product} {ergonomic}
     bool UseCompressedOops                        = true                           {product lp64_product} {ergonomic}
     bool UseG1GC                                  = true                                      {product} {ergonomic}
     bool UseLargePagesIndividualAllocation        = false                                  {pd product} {ergonomic}

Logging:
Log output configuration:
 #0: stdout all=warning uptime,level,tags
 #1: stderr all=off uptime,level,tags

Environment Variables:
JAVA_HOME=C:\Program Files\Java\jdk-17
PATH=C:/Users/aayushi.bansal/.p2/pool/plugins/org.eclipse.justj.openjdk.hotspot.jre.full.win32.x86_64_17.0.4.v20220805-1047/jre/bin/server;C:/Users/aayushi.bansal/.p2/pool/plugins/org.eclipse.justj.openjdk.hotspot.jre.full.win32.x86_64_17.0.4.v20220805-1047/jre/bin;C:\Windows\system32;C:\Windows;C:\Windows\System32\Wbem;C:\Windows\System32\WindowsPowerShell\v1.0\;C:\Windows\System32\OpenSSH\;C:\Program Files\nodejs\;C:\Program Files\dotnet\;C:\Users\aayushi.bansal\Downloads\apache-maven-3.9.3-bin\apache-maven-3.9.3\bin;C:\Program Files\Java\jdk-17\bin\;C:\Softwares\apache-ant-1.10.14\bin;C:\Softwares\gradle-8.3-bin\gradle-8.3\bin;C:\Users\aayushi.bansal\AppData\Local\Microsoft\WindowsApps;C:\Users\aayushi.bansal\AppData\Local\Programs\Microsoft VS Code\bin;C:\Users\aayushi.bansal\AppData\Roaming\npm;C:\Users\aayushi.bansal\AppData\Local\Programs\Git\cmd;C:\terraform;C:\Users\aayushi.bansal\Downloads\apache-maven-3.9.1-bin\apache-maven-3.9.1\bin;;C:\Windows\System32;
USERNAME=aayushi.bansal
OS=Windows_NT
PROCESSOR_IDENTIFIER=Intel64 Family 6 Model 140 Stepping 1, GenuineIntel
TMP=C:\Users\AAYUSH~1.BAN\AppData\Local\Temp
TEMP=C:\Users\AAYUSH~1.BAN\AppData\Local\Temp



---------------  S Y S T E M  ---------------

OS:
 Windows 10 , 64 bit Build 19041 (10.0.19041.3155)
OS uptime: 7 days 2:53 hours
Hyper-V role detected

CPU: total 8 (initial active 8) (4 cores per cpu, 2 threads per core) family 6 model 140 stepping 1 microcode 0xa4, cx8, cmov, fxsr, ht, mmx, 3dnowpref, sse, sse2, sse3, ssse3, sse4.1, sse4.2, popcnt, lzcnt, tsc, tscinvbit, avx, avx2, aes, erms, clmul, bmi1, bmi2, adx, avx512f, avx512dq, avx512cd, avx512bw, avx512vl, sha, fma, vzeroupper, avx512_vpopcntdq, avx512_vpclmulqdq, avx512_vaes, avx512_vnni, clflush, clflushopt, clwb, avx512_vbmi2, avx512_vbmi, hv

Memory: 4k page, system-wide physical 16118M (316M free)
TotalPageFile size 35415M (AvailPageFile size 28M)
current process WorkingSet (physical memory assigned to process): 12M, peak: 12M
current process commit charge ("private bytes"): 313M, peak: 317M

vm_info: OpenJDK 64-Bit Server VM (17.0.4+8) for windows-amd64 JRE (17.0.4+8), built on Jul 19 2022 16:05:16 by "temurin" with MS VC++ 16.7 (VS2019)

END.
